\BOOKMARK [-1][-]{part.1}{I Presentation}{}% 1
\BOOKMARK [-1][-]{part.2}{II Study and evaluation of POSL}{}% 2
\BOOKMARK [0][-]{chapter.1}{Experiments design and results}{part.2}% 3
\BOOKMARK [1][-]{section.1.1}{Solving the Social Golfers Problem}{chapter.1}% 4
\BOOKMARK [2][-]{subsection.1.1.1}{Problem definition}{section.1.1}% 5
\BOOKMARK [2][-]{subsection.1.1.2}{Experiment design and results}{section.1.1}% 6
\BOOKMARK [1][-]{section.1.2}{Solving the N-Queens Problem}{chapter.1}% 7
\BOOKMARK [2][-]{subsection.1.2.1}{Problem definition}{section.1.2}% 8
\BOOKMARK [2][-]{subsection.1.2.2}{Experiment design Nr. 1}{section.1.2}% 9
\BOOKMARK [2][-]{subsection.1.2.3}{Results analysis of experiment Nr. 1}{section.1.2}% 10
\BOOKMARK [2][-]{subsection.1.2.4}{Experiment design Nr. 2}{section.1.2}% 11
\BOOKMARK [2][-]{subsection.1.2.5}{Results analysis of experiment Nr. 2}{section.1.2}% 12
\BOOKMARK [1][-]{section.1.3}{Solving the Costas Array Problem}{chapter.1}% 13
\BOOKMARK [2][-]{subsection.1.3.1}{Problem definition}{section.1.3}% 14
\BOOKMARK [2][-]{subsection.1.3.2}{Experiment design and results}{section.1.3}% 15
\BOOKMARK [1][-]{section.1.4}{Solving the Golomb Ruler Problem}{chapter.1}% 16
\BOOKMARK [2][-]{subsection.1.4.1}{Problem definition}{section.1.4}% 17
\BOOKMARK [2][-]{subsection.1.4.2}{Experiment design and results}{section.1.4}% 18
\BOOKMARK [1][-]{section.1.5}{Summarizing}{chapter.1}% 19
\BOOKMARK [0][-]{chapter.2}{Bibliography}{part.2}% 20
\BOOKMARK [-1][-]{part.3}{III Appendix}{}% 21
\BOOKMARK [0][-]{chapter.3}{Results of experiments with Social Golfers Problem}{part.3}% 22
